Arguments: 
  C:\Program Files\nodejs\node.exe C:\Users\Akra\AppData\Roaming\npm\node_modules\yarn\bin\yarn.js

PATH: 
  C:\Users\Akra\Desktop\my desk\ether\eth_to_do_list\node_modules\.bin;C:\Users\Akra\Desktop\my desk\ether\node_modules\.bin;C:\Users\Akra\Desktop\my desk\node_modules\.bin;C:\Users\Akra\Desktop\node_modules\.bin;C:\Users\Akra\node_modules\.bin;C:\Users\node_modules\.bin;C:\node_modules\.bin;C:\Program Files\nodejs\node_modules\npm\node_modules\@npmcli\run-script\lib\node-gyp-bin;C:\Program Files\Common Files\Oracle\Java\javapath;C:\Program Files (x86)\Common Files\Oracle\Java\javapath;C:\WINDOWS\system32;C:\WINDOWS;C:\WINDOWS\System32\Wbem;C:\WINDOWS\System32\WindowsPowerShell\v1.0\;C:\WINDOWS\System32\OpenSSH\;C:\Program Files\Git\cmd;C:\ProgramData\chocolatey\bin;C:\Program Files\nodejs\;C:\Program Files\OpenJDK\openjdk-8u292-b10\bin;C:\Program Files\Amazon\AWSCLIV2\;C:\Program Files\7-Zip\;C:\Users\Akra\.cargo\bin;C:\Users\Akra\.local\share\solana\install\active_release\bin;C:\Users\Akra\AppData\Local\Microsoft\WindowsApps;C:\Users\Akra\AppData\Local\Programs\Microsoft VS Code\bin;C:\Program Files\JetBrains\IntelliJ IDEA Community Edition 2021.1.1\bin;;C:\Program Files\JetBrains\PyCharm Community Edition 2020.3.3\bin;;C:\Users\Akra\AppData\Local\Android\Sdk\platform-tools;C:\Users\Akra\AppData\Roaming\npm;C:\Users\Akra\AppData\Local\Google\Cloud SDK\google-cloud-sdk\bin;C:\Users\Akra\Desktop\Cloud SDK\google-cloud-sdk\bin;C:\Program Files\7-Zip;

Yarn version: 
  1.22.10

Node version: 
  16.4.2

Platform: 
  win32 x64

Trace: 
  Error: ENOENT: no such file or directory, open 'C:\Users\Akra\AppData\Local\Yarn\Cache\v6\npm-@truffle-db-0.5.42-e37812d125436d20d9acd5e091d453c8b9dc3f82-integrity\node_modules\@truffle\db\.yarn-metadata.json'

npm manifest: 
  {
  	"name": "eth-todo-list",
  	"version": "1.0.0",
  	"description": "Blockchain Todo List Powered By Ethereum",
  	"main": "truffle-config.js",
  	"directories": {
  	  "test": "test"
  	},
  	"scripts": {
  		"dev": "lite-server",
  		"test": "echo \"Error: no test specified\" && sexit 1"
  	  },
  	"author": "akralaju9@gmail.com",
  	"license": "ISC",
  	"devDependencies": {
  	  "bootstrap": "4.1.3",
  	  "chai": "^4.1.2",
  	  "chai-as-promised": "^7.1.1",
  	  "chai-bignumber": "^2.0.2",
  	  "lite-server": "^2.3.0",
  	  "nodemon": "^1.17.3",
  	  "truffle": "5.4.23",
  	  "truffle-contract": "3.0.6"
  	}
    }

yarn manifest: 
  No manifest

Lockfile: 
  No lockfile
